<?xml version="1.0" encoding="UTF-8"?>
<!-- Generated by org.testng.reporters.JUnitReportReporter -->
<testsuite hostname="AGY" failures="0" tests="1" name="com.qalegend.testscripts.LoginPageTest" time="10.985" errors="0" timestamp="2023-09-22T11:44:51 IST" skipped="0">
  <testcase classname="com.qalegend.testscripts.LoginPageTest" name="verifyLoginPageTitle" time="10.985"/>
</testsuite> <!-- com.qalegend.testscripts.LoginPageTest -->
